Arguments: 
  /usr/local/bin/node /Users/chuanjin/.yarn/bin/yarn.js

PATH: 
  /Users/chuanjin/.yarn/bin:/Users/chuanjin/.config/yarn/global/node_modules/.bin:/usr/local/bin:/usr/bin:/bin:/usr/sbin:/sbin:/Library/Apple/usr/bin:/Users/chuanjin/.yarn/bin:/Users/chuanjin/.config/yarn/global/node_modules/.bin

Yarn version: 
  1.22.17

Node version: 
  12.22.0

Platform: 
  darwin x64

Trace: 
  Error: getaddrinfo ENOTFOUND r.npm.sankuai.com
      at GetAddrInfoReqWrap.onlookup [as oncomplete] (dns.js:66:26)

npm manifest: 
  {
    "name": "carving",
    "version": "1.0.0",
    "description": "",
    "bin": "./src/archive.js",
    "scripts": {
      "test": "echo \"Error: no test specified\" && exit 1"
    },
    "author": "",
    "license": "ISC",
    "dependencies": {
      "fast-glob": "^3.2.7",
      "turpan": "^0.3.2"
    }
  }

yarn manifest: 
  No manifest

Lockfile: 
  No lockfile
